# JRE version: Java(TM) SE Runtime Environment (8.0_144-b01) (build 1.8.0_144-b01)
# Java VM: Java HotSpot(TM) 64-Bit Server VM (25.144-b01 mixed mode bsd-amd64 compressed oops)
Heap:
 PSYoungGen      total 640512K, used 56988K [0x0000000795580000, 0x00000007c0000000, 0x00000007c0000000)
  eden space 600576K, 2% used [0x0000000795580000,0x000000079662c428,0x00000007ba000000)
  from space 39936K, 99% used [0x00000007ba000000,0x00000007bc6fac88,0x00000007bc700000)
  to   space 55808K, 0% used [0x00000007bc980000,0x00000007bc980000,0x00000007c0000000)
 ParOldGen       total 194048K, used 137592K [0x0000000740000000, 0x000000074bd80000, 0x0000000795580000)
  object space 194048K, 70% used [0x0000000740000000,0x000000074865e318,0x000000074bd80000)
 Metaspace       used 47050K, capacity 47691K, committed 47960K, reserved 1091584K
  class space    used 6206K, capacity 6442K, committed 6528K, reserved 1048576K
GC Heap History (10 events):
Event: 9.587 GC heap before
{Heap before GC invocations=18 (full 2):
 PSYoungGen      total 389120K, used 319521K [0x0000000795580000, 0x00000007b7500000, 0x00000007c0000000)
  eden space 360448K, 82% used [0x0000000795580000,0x00000007a7978b90,0x00000007ab580000)
  from space 28672K, 71% used [0x00000007ab580000,0x00000007ac98f9f0,0x00000007ad180000)
  to   space 29696K, 0% used [0x00000007b5800000,0x00000007b5800000,0x00000007b7500000)
 ParOldGen       total 108032K, used 77901K [0x0000000740000000, 0x0000000746980000, 0x0000000795580000)
  object space 108032K, 72% used [0x0000000740000000,0x0000000744c13768,0x0000000746980000)
 Metaspace       used 36095K, capacity 36433K, committed 36628K, reserved 1081344K
  class space    used 4828K, capacity 4965K, committed 4992K, reserved 1048576K
Event: 9.637 GC heap after
Heap after GC invocations=18 (full 2):
 PSYoungGen      total 515584K, used 29671K [0x0000000795580000, 0x00000007b8580000, 0x00000007c0000000)
  eden space 485888K, 0% used [0x0000000795580000,0x0000000795580000,0x00000007b3000000)
  from space 29696K, 99% used [0x00000007b5800000,0x00000007b74f9ff8,0x00000007b7500000)
  to   space 40960K, 0% used [0x00000007b3000000,0x00000007b3000000,0x00000007b5800000)
 ParOldGen       total 108032K, used 98267K [0x0000000740000000, 0x0000000746980000, 0x0000000795580000)
  object space 108032K, 90% used [0x0000000740000000,0x0000000745ff6c10,0x0000000746980000)
 Metaspace       used 36095K, capacity 36433K, committed 36628K, reserved 1081344K
  class space    used 4828K, capacity 4965K, committed 4992K, reserved 1048576K
}
Event: 9.637 GC heap before
{Heap before GC invocations=19 (full 3):
 PSYoungGen      total 515584K, used 29671K [0x0000000795580000, 0x00000007b8580000, 0x00000007c0000000)
  eden space 485888K, 0% used [0x0000000795580000,0x0000000795580000,0x00000007b3000000)
  from space 29696K, 99% used [0x00000007b5800000,0x00000007b74f9ff8,0x00000007b7500000)
  to   space 40960K, 0% used [0x00000007b3000000,0x00000007b3000000,0x00000007b5800000)
 ParOldGen       total 108032K, used 98267K [0x0000000740000000, 0x0000000746980000, 0x0000000795580000)
  object space 108032K, 90% used [0x0000000740000000,0x0000000745ff6c10,0x0000000746980000)
 Metaspace       used 36095K, capacity 36433K, committed 36628K, reserved 1081344K
  class space    used 4828K, capacity 4965K, committed 4992K, reserved 1048576K
Event: 10.031 GC heap after
Heap after GC invocations=19 (full 3):
 PSYoungGen      total 515584K, used 13953K [0x0000000795580000, 0x00000007b8580000, 0x00000007c0000000)
  eden space 485888K, 0% used [0x0000000795580000,0x0000000795580000,0x00000007b3000000)
  from space 29696K, 46% used [0x00000007b5800000,0x00000007b65a0788,0x00000007b7500000)
  to   space 40960K, 0% used [0x00000007b3000000,0x00000007b3000000,0x00000007b5800000)
 ParOldGen       total 194048K, used 107646K [0x0000000740000000, 0x000000074bd80000, 0x0000000795580000)
  object space 194048K, 55% used [0x0000000740000000,0x000000074691f8c0,0x000000074bd80000)
 Metaspace       used 36095K, capacity 36433K, committed 36628K, reserved 1081344K
  class space    used 4828K, capacity 4965K, committed 4992K, reserved 1048576K
}
Event: 12.901 GC heap before
{Heap before GC invocations=20 (full 3):
 PSYoungGen      total 515584K, used 499841K [0x0000000795580000, 0x00000007b8580000, 0x00000007c0000000)
  eden space 485888K, 100% used [0x0000000795580000,0x00000007b3000000,0x00000007b3000000)
  from space 29696K, 46% used [0x00000007b5800000,0x00000007b65a0788,0x00000007b7500000)
  to   space 40960K, 0% used [0x00000007b3000000,0x00000007b3000000,0x00000007b5800000)
 ParOldGen       total 194048K, used 107646K [0x0000000740000000, 0x000000074bd80000, 0x0000000795580000)
  object space 194048K, 55% used [0x0000000740000000,0x000000074691f8c0,0x000000074bd80000)
 Metaspace       used 40891K, capacity 41361K, committed 41688K, reserved 1085440K
  class space    used 5398K, capacity 5543K, committed 5632K, reserved 1048576K
Event: 12.941 GC heap after
Heap after GC invocations=20 (full 3):
 PSYoungGen      total 526848K, used 17559K [0x0000000795580000, 0x00000007bfa80000, 0x00000007c0000000)
  eden space 485888K, 0% used [0x0000000795580000,0x0000000795580000,0x00000007b3000000)
  from space 40960K, 42% used [0x00000007b3000000,0x00000007b4125e18,0x00000007b5800000)
  to   space 38912K, 0% used [0x00000007bd480000,0x00000007bd480000,0x00000007bfa80000)
 ParOldGen       total 194048K, used 109637K [0x0000000740000000, 0x000000074bd80000, 0x0000000795580000)
  object space 194048K, 56% used [0x0000000740000000,0x0000000746b11578,0x000000074bd80000)
 Metaspace       used 40891K, capacity 41361K, committed 41688K, reserved 1085440K
  class space    used 5398K, capacity 5543K, committed 5632K, reserved 1048576K
}
Event: 16.021 GC heap before
{Heap before GC invocations=21 (full 3):
 PSYoungGen      total 526848K, used 503447K [0x0000000795580000, 0x00000007bfa80000, 0x00000007c0000000)
  eden space 485888K, 100% used [0x0000000795580000,0x00000007b3000000,0x00000007b3000000)
  from space 40960K, 42% used [0x00000007b3000000,0x00000007b4125e18,0x00000007b5800000)
  to   space 38912K, 0% used [0x00000007bd480000,0x00000007bd480000,0x00000007bfa80000)
 ParOldGen       total 194048K, used 109637K [0x0000000740000000, 0x000000074bd80000, 0x0000000795580000)
  object space 194048K, 56% used [0x0000000740000000,0x0000000746b11578,0x000000074bd80000)
 Metaspace       used 43060K, capacity 43559K, committed 43992K, reserved 1087488K
  class space    used 5622K, capacity 5816K, committed 5888K, reserved 1048576K
Event: 16.052 GC heap after
Heap after GC invocations=21 (full 3):
 PSYoungGen      total 588800K, used 26086K [0x0000000795580000, 0x00000007bee00000, 0x00000007c0000000)
  eden space 562688K, 0% used [0x0000000795580000,0x0000000795580000,0x00000007b7b00000)
  from space 26112K, 99% used [0x00000007bd480000,0x00000007bedf99c8,0x00000007bee00000)
  to   space 39936K, 0% used [0x00000007ba000000,0x00000007ba000000,0x00000007bc700000)
 ParOldGen       total 194048K, used 109645K [0x0000000740000000, 0x000000074bd80000, 0x0000000795580000)
  object space 194048K, 56% used [0x0000000740000000,0x0000000746b13578,0x000000074bd80000)
 Metaspace       used 43060K, capacity 43559K, committed 43992K, reserved 1087488K
  class space    used 5622K, capacity 5816K, committed 5888K, reserved 1048576K
}
Event: 18.202 GC heap before
{Heap before GC invocations=22 (full 3):
 PSYoungGen      total 588800K, used 588774K [0x0000000795580000, 0x00000007bee00000, 0x00000007c0000000)
  eden space 562688K, 100% used [0x0000000795580000,0x00000007b7b00000,0x00000007b7b00000)
  from space 26112K, 99% used [0x00000007bd480000,0x00000007bedf99c8,0x00000007bee00000)
  to   space 39936K, 0% used [0x00000007ba000000,0x00000007ba000000,0x00000007bc700000)
 ParOldGen       total 194048K, used 109645K [0x0000000740000000, 0x000000074bd80000, 0x0000000795580000)
  object space 194048K, 56% used [0x0000000740000000,0x0000000746b13578,0x000000074bd80000)
 Metaspace       used 47047K, capacity 47691K, committed 47960K, reserved 1091584K
  class space    used 6206K, capacity 6442K, committed 6528K, reserved 1048576K
Event: 18.415 GC heap after
Heap after GC invocations=22 (full 3):
 PSYoungGen      total 640512K, used 39915K [0x0000000795580000, 0x00000007c0000000, 0x00000007c0000000)
  eden space 600576K, 0% used [0x0000000795580000,0x0000000795580000,0x00000007ba000000)
  from space 39936K, 99% used [0x00000007ba000000,0x00000007bc6fac88,0x00000007bc700000)
  to   space 55808K, 0% used [0x00000007bc980000,0x00000007bc980000,0x00000007c0000000)
 ParOldGen       total 194048K, used 137592K [0x0000000740000000, 0x000000074bd80000, 0x0000000795580000)
  object space 194048K, 70% used [0x0000000740000000,0x000000074865e318,0x000000074bd80000)
 Metaspace       used 47047K, capacity 47691K, committed 47960K, reserved 1091584K
  class space    used 6206K, capacity 6442K, committed 6528K, reserved 1048576K
}

